<?xml version="1.0" encoding="UTF-8"?>
<!-- Generated by org.testng.reporters.JUnitXMLReporter -->
<testsuite ignored="0" hostname="Jyoti" failures="0" tests="4" name="Test Basics 2" time="9.715" errors="0" timestamp="2023-06-11T18:17:29 IST">
  <testcase classname="api.test.UserTests_UsingProperties" name="testPostUser" time="3.715"/>
  <testcase classname="api.test.UserTests_UsingProperties" name="testGetUserByName" time="1.458"/>
  <testcase classname="api.test.UserTests_UsingProperties" name="testUpdateUserByName" time="2.763"/>
  <testcase classname="api.test.UserTests_UsingProperties" name="testDeleteUserByName" time="1.515"/>
</testsuite> <!-- Test Basics 2 -->
